2017/02/06 11:56:42 [error] [exception.CHttpException.403] exception 'CHttpException' with message 'You are not allowed to access this page.' in /home/lenin/www/yii/framework/gii/GiiModule.php:170
Stack trace:
#0 /home/lenin/www/yii/framework/web/CController.php(263): GiiModule->beforeControllerAction(Object(DefaultController), Object(CInlineAction))
#1 /home/lenin/www/yii/framework/web/CWebApplication.php(282): CController->run('')
#2 /home/lenin/www/yii/framework/web/CWebApplication.php(141): CWebApplication->runController('gii')
#3 /home/lenin/www/yii/framework/base/CApplication.php(185): CWebApplication->processRequest()
#4 /home/lenin/www/yiitwitter/index.php(13): CApplication->run()
#5 {main}
REQUEST_URI=/yiitwitter/index.php?r=gii
---
2017/02/06 12:01:28 [error] [exception.CDbException] exception 'CDbException' with message 'CDbConnection failed to open the DB connection: SQLSTATE[08006] [7] FATAL:  no existe la base de datos «yiiwitter»' in /home/lenin/www/yii/framework/db/CDbConnection.php:399
Stack trace:
#0 /home/lenin/www/yii/framework/db/CDbConnection.php(347): CDbConnection->open()
#1 /home/lenin/www/yii/framework/db/CDbConnection.php(325): CDbConnection->setActive(true)
#2 /home/lenin/www/yii/framework/base/CModule.php(394): CDbConnection->init()
#3 /home/lenin/www/yii/framework/base/CModule.php(103): CModule->getComponent('db')
#4 /home/lenin/www/yii/framework/gii/generators/model/ModelCode.php(60): CModule->__get('db')
#5 /home/lenin/www/yii/framework/web/CFormModel.php(39): ModelCode->init()
#6 /home/lenin/www/yii/framework/gii/CCodeGenerator.php(153): CFormModel->__construct()
#7 /home/lenin/www/yii/framework/gii/CCodeGenerator.php(63): CCodeGenerator->prepare()
#8 /home/lenin/www/yii/framework/web/actions/CInlineAction.php(49): CCodeGenerator->actionIndex()
#9 /home/lenin/www/yii/framework/web/CController.php(308): CInlineAction->runWithParams(Array)
#10 /home/lenin/www/yii/framework/web/CController.php(286): CController->runAction(Object(CInlineAction))
#11 /home/lenin/www/yii/framework/web/CController.php(265): CController->runActionWithFilters(Object(CInlineAction), Array)
#12 /home/lenin/www/yii/framework/web/CWebApplication.php(282): CController->run('index')
#13 /home/lenin/www/yii/framework/web/CWebApplication.php(141): CWebApplication->runController('gii/model/index')
#14 /home/lenin/www/yii/framework/base/CApplication.php(185): CWebApplication->processRequest()
#15 /home/lenin/www/yiitwitter/index.php(13): CApplication->run()
#16 {main}
REQUEST_URI=/yiitwitter/index.php?r=gii/model/index
HTTP_REFERER=http://192.168.1.143/yiitwitter/index.php?r=gii/default/index
---
2017/02/06 14:19:10 [error] [exception.CHttpException.404] exception 'CHttpException' with message 'El sistema no ha podido encontrar la acción "administrador" solicitada.' in /home/lenin/www/yii/framework/web/CController.php:483
Stack trace:
#0 /home/lenin/www/yii/framework/web/CController.php(270): CController->missingAction('administrador')
#1 /home/lenin/www/yii/framework/web/CWebApplication.php(282): CController->run('administrador')
#2 /home/lenin/www/yii/framework/web/CWebApplication.php(141): CWebApplication->runController('usuario/adminis...')
#3 /home/lenin/www/yii/framework/base/CApplication.php(185): CWebApplication->processRequest()
#4 /home/lenin/www/yiitwitter/index.php(13): CApplication->run()
#5 {main}
REQUEST_URI=/yiitwitter/index.php?r=usuario/administrador
---
2017/02/06 14:21:13 [error] [exception.CHttpException.403] exception 'CHttpException' with message 'Usted no se encuentra autorizado a realizar esta acción.' in /home/lenin/www/yii/framework/web/auth/CAccessControlFilter.php:182
Stack trace:
#0 /home/lenin/www/yii/framework/web/auth/CAccessControlFilter.php(145): CAccessControlFilter->accessDenied(Object(CWebUser), 'Usted no se enc...')
#1 /home/lenin/www/yii/framework/web/filters/CFilter.php(38): CAccessControlFilter->preFilter(Object(CFilterChain))
#2 /home/lenin/www/yii/framework/web/CController.php(1145): CFilter->filter(Object(CFilterChain))
#3 /home/lenin/www/yii/framework/web/filters/CInlineFilter.php(58): CController->filterAccessControl(Object(CFilterChain))
#4 /home/lenin/www/yii/framework/web/filters/CFilterChain.php(130): CInlineFilter->filter(Object(CFilterChain))
#5 /home/lenin/www/yii/framework/web/CController.php(291): CFilterChain->run()
#6 /home/lenin/www/yii/framework/web/CController.php(265): CController->runActionWithFilters(Object(CInlineAction), Array)
#7 /home/lenin/www/yii/framework/web/CWebApplication.php(282): CController->run('administrador')
#8 /home/lenin/www/yii/framework/web/CWebApplication.php(141): CWebApplication->runController('usuario/adminis...')
#9 /home/lenin/www/yii/framework/base/CApplication.php(185): CWebApplication->processRequest()
#10 /home/lenin/www/yiitwitter/index.php(13): CApplication->run()
#11 {main}
REQUEST_URI=/yiitwitter/index.php?r=usuario/administrador
---
2017/02/06 14:23:58 [error] [exception.CHttpException.404] exception 'CHttpException' with message 'El sistema no ha podido encontrar la acción "admin" solicitada.' in /home/lenin/www/yii/framework/web/CController.php:483
Stack trace:
#0 /home/lenin/www/yii/framework/web/CController.php(270): CController->missingAction('admin')
#1 /home/lenin/www/yii/framework/web/CWebApplication.php(282): CController->run('admin')
#2 /home/lenin/www/yii/framework/web/CWebApplication.php(141): CWebApplication->runController('')
#3 /home/lenin/www/yii/framework/base/CApplication.php(185): CWebApplication->processRequest()
#4 /home/lenin/www/yiitwitter/index.php(13): CApplication->run()
#5 {main}
REQUEST_URI=/yiitwitter/index.php
HTTP_REFERER=http://192.168.1.143/yiitwitter/index.php?r=usuario/administrador
---
2017/02/06 14:24:00 [error] [exception.CHttpException.404] exception 'CHttpException' with message 'El sistema no ha podido encontrar la acción "admin" solicitada.' in /home/lenin/www/yii/framework/web/CController.php:483
Stack trace:
#0 /home/lenin/www/yii/framework/web/CController.php(270): CController->missingAction('admin')
#1 /home/lenin/www/yii/framework/web/CWebApplication.php(282): CController->run('admin')
#2 /home/lenin/www/yii/framework/web/CWebApplication.php(141): CWebApplication->runController('')
#3 /home/lenin/www/yii/framework/base/CApplication.php(185): CWebApplication->processRequest()
#4 /home/lenin/www/yiitwitter/index.php(13): CApplication->run()
#5 {main}
REQUEST_URI=/yiitwitter/index.php
---
2017/02/06 14:24:05 [error] [exception.CHttpException.404] exception 'CHttpException' with message 'El sistema no ha podido encontrar la acción "admin" solicitada.' in /home/lenin/www/yii/framework/web/CController.php:483
Stack trace:
#0 /home/lenin/www/yii/framework/web/CController.php(270): CController->missingAction('admin')
#1 /home/lenin/www/yii/framework/web/CWebApplication.php(282): CController->run('admin')
#2 /home/lenin/www/yii/framework/web/CWebApplication.php(141): CWebApplication->runController('')
#3 /home/lenin/www/yii/framework/base/CApplication.php(185): CWebApplication->processRequest()
#4 /home/lenin/www/yiitwitter/index.php(13): CApplication->run()
#5 {main}
REQUEST_URI=/yiitwitter/
---
2017/02/06 14:24:09 [error] [exception.CHttpException.404] exception 'CHttpException' with message 'El sistema no ha podido encontrar la acción "admin" solicitada.' in /home/lenin/www/yii/framework/web/CController.php:483
Stack trace:
#0 /home/lenin/www/yii/framework/web/CController.php(270): CController->missingAction('admin')
#1 /home/lenin/www/yii/framework/web/CWebApplication.php(282): CController->run('admin')
#2 /home/lenin/www/yii/framework/web/CWebApplication.php(141): CWebApplication->runController('')
#3 /home/lenin/www/yii/framework/base/CApplication.php(185): CWebApplication->processRequest()
#4 /home/lenin/www/yiitwitter/index.php(13): CApplication->run()
#5 {main}
REQUEST_URI=/yiitwitter/index.php
HTTP_REFERER=http://192.168.1.143/yiitwitter/index.php?r=usuario/administrador
---
2017/02/06 14:24:13 [error] [exception.CHttpException.404] exception 'CHttpException' with message 'El sistema no ha podido encontrar la acción "admin" solicitada.' in /home/lenin/www/yii/framework/web/CController.php:483
Stack trace:
#0 /home/lenin/www/yii/framework/web/CController.php(270): CController->missingAction('admin')
#1 /home/lenin/www/yii/framework/web/CWebApplication.php(282): CController->run('admin')
#2 /home/lenin/www/yii/framework/web/CWebApplication.php(141): CWebApplication->runController('')
#3 /home/lenin/www/yii/framework/base/CApplication.php(185): CWebApplication->processRequest()
#4 /home/lenin/www/yiitwitter/index.php(13): CApplication->run()
#5 {main}
REQUEST_URI=/yiitwitter/index.php
---
2017/02/06 14:24:30 [error] [exception.CHttpException.404] exception 'CHttpException' with message 'El sistema no ha podido encontrar la acción "admin" solicitada.' in /home/lenin/www/yii/framework/web/CController.php:483
Stack trace:
#0 /home/lenin/www/yii/framework/web/CController.php(270): CController->missingAction('admin')
#1 /home/lenin/www/yii/framework/web/CWebApplication.php(282): CController->run('admin')
#2 /home/lenin/www/yii/framework/web/CWebApplication.php(141): CWebApplication->runController('')
#3 /home/lenin/www/yii/framework/base/CApplication.php(185): CWebApplication->processRequest()
#4 /home/lenin/www/yiitwitter/index.php(13): CApplication->run()
#5 {main}
REQUEST_URI=/yiitwitter/
---
2017/02/06 14:25:21 [error] [exception.CHttpException.403] exception 'CHttpException' with message 'Usted no se encuentra autorizado a realizar esta acción.' in /home/lenin/www/yii/framework/web/auth/CAccessControlFilter.php:182
Stack trace:
#0 /home/lenin/www/yii/framework/web/auth/CAccessControlFilter.php(145): CAccessControlFilter->accessDenied(Object(CWebUser), 'Usted no se enc...')
#1 /home/lenin/www/yii/framework/web/filters/CFilter.php(38): CAccessControlFilter->preFilter(Object(CFilterChain))
#2 /home/lenin/www/yii/framework/web/CController.php(1145): CFilter->filter(Object(CFilterChain))
#3 /home/lenin/www/yii/framework/web/filters/CInlineFilter.php(58): CController->filterAccessControl(Object(CFilterChain))
#4 /home/lenin/www/yii/framework/web/filters/CFilterChain.php(130): CInlineFilter->filter(Object(CFilterChain))
#5 /home/lenin/www/yii/framework/web/CController.php(291): CFilterChain->run()
#6 /home/lenin/www/yii/framework/web/CController.php(265): CController->runActionWithFilters(Object(CInlineAction), Array)
#7 /home/lenin/www/yii/framework/web/CWebApplication.php(282): CController->run('administrador')
#8 /home/lenin/www/yii/framework/web/CWebApplication.php(141): CWebApplication->runController('')
#9 /home/lenin/www/yii/framework/base/CApplication.php(185): CWebApplication->processRequest()
#10 /home/lenin/www/yiitwitter/index.php(13): CApplication->run()
#11 {main}
REQUEST_URI=/yiitwitter/
HTTP_REFERER=http://192.168.1.143/yiitwitter/index.php?r=site/login
---
2017/02/06 14:35:48 [error] [system.db.CDbCommand] CDbCommand::execute() falló: SQLSTATE[22007]: Invalid datetime format: 7 ERROR:  la sintaxis de entrada no es válida para tipo timestamp: «»
LINE 1: ... '123456', NULL, NULL, NULL, '', '', '', '', 'f', '', '', ''...
                                                             ^. La sentencia SQL ejecutada fue: INSERT INTO "usuario" ("usuario", "correo", "nombre_completo", "password", "fk_idioma", "fk_pais", "fk_pregunta_secreta", "respuesta_secreta", "telefono", "foto_perfil", "imagen_fondo", "activo", "fecha_creacion", "sitioweb", "biografia") VALUES (:yp0, :yp1, :yp2, :yp3, :yp4, :yp5, :yp6, :yp7, :yp8, :yp9, :yp10, :yp11, :yp12, :yp13, :yp14).
in /home/lenin/www/yiitwitter/protected/controllers/UsuarioController.php (73)
in /home/lenin/www/yiitwitter/index.php (13)
2017/02/06 14:35:48 [error] [exception.CDbException] exception 'CDbException' with message 'CDbCommand falló al ejecutar la sentencia SQL: SQLSTATE[22007]: Invalid datetime format: 7 ERROR:  la sintaxis de entrada no es válida para tipo timestamp: «»
LINE 1: ... '123456', NULL, NULL, NULL, '', '', '', '', 'f', '', '', ''...
                                                             ^. The SQL statement executed was: INSERT INTO "usuario" ("usuario", "correo", "nombre_completo", "password", "fk_idioma", "fk_pais", "fk_pregunta_secreta", "respuesta_secreta", "telefono", "foto_perfil", "imagen_fondo", "activo", "fecha_creacion", "sitioweb", "biografia") VALUES (:yp0, :yp1, :yp2, :yp3, :yp4, :yp5, :yp6, :yp7, :yp8, :yp9, :yp10, :yp11, :yp12, :yp13, :yp14)' in /home/lenin/www/yii/framework/db/CDbCommand.php:358
Stack trace:
#0 /home/lenin/www/yii/framework/db/ar/CActiveRecord.php(1080): CDbCommand->execute()
#1 /home/lenin/www/yii/framework/db/ar/CActiveRecord.php(809): CActiveRecord->insert(NULL)
#2 /home/lenin/www/yiitwitter/protected/controllers/UsuarioController.php(73): CActiveRecord->save()
#3 /home/lenin/www/yii/framework/web/actions/CInlineAction.php(49): UsuarioController->actionCreate()
#4 /home/lenin/www/yii/framework/web/CController.php(308): CInlineAction->runWithParams(Array)
#5 /home/lenin/www/yii/framework/web/filters/CFilterChain.php(133): CController->runAction(Object(CInlineAction))
#6 /home/lenin/www/yii/framework/web/filters/CFilter.php(40): CFilterChain->run()
#7 /home/lenin/www/yii/framework/web/CController.php(1145): CFilter->filter(Object(CFilterChain))
#8 /home/lenin/www/yii/framework/web/filters/CInlineFilter.php(58): CController->filterAccessControl(Object(CFilterChain))
#9 /home/lenin/www/yii/framework/web/filters/CFilterChain.php(130): CInlineFilter->filter(Object(CFilterChain))
#10 /home/lenin/www/yii/framework/web/CController.php(291): CFilterChain->run()
#11 /home/lenin/www/yii/framework/web/CController.php(265): CController->runActionWithFilters(Object(CInlineAction), Array)
#12 /home/lenin/www/yii/framework/web/CWebApplication.php(282): CController->run('create')
#13 /home/lenin/www/yii/framework/web/CWebApplication.php(141): CWebApplication->runController('usuario/create')
#14 /home/lenin/www/yii/framework/base/CApplication.php(185): CWebApplication->processRequest()
#15 /home/lenin/www/yiitwitter/index.php(13): CApplication->run()
#16 {main}
REQUEST_URI=/yiitwitter/index.php?r=usuario/create
HTTP_REFERER=http://192.168.1.143/yiitwitter/index.php?r=usuario/create
---
2017/02/06 14:50:30 [error] [exception.CException] exception 'CException' with message 'El alias "ext.yiibooster.components.Booster" es inválido. Asegúrese de que apunta a un archivo PHP existente y que el archivo tiene permisos de lectura.' in /home/lenin/www/yii/framework/YiiBase.php:323
Stack trace:
#0 /home/lenin/www/yii/framework/YiiBase.php(196): YiiBase::import('ext.yiibooster....', true)
#1 /home/lenin/www/yii/framework/base/CModule.php(393): YiiBase::createComponent(Array)
#2 /home/lenin/www/yii/framework/base/CModule.php(530): CModule->getComponent('yiibooster')
#3 /home/lenin/www/yii/framework/base/CApplication.php(168): CModule->preloadComponents()
#4 /home/lenin/www/yii/framework/YiiBase.php(125): CApplication->__construct('/home/lenin/www...')
#5 /home/lenin/www/yii/framework/YiiBase.php(98): YiiBase::createApplication('CWebApplication', '/home/lenin/www...')
#6 /home/lenin/www/yiitwitter/index.php(13): YiiBase::createWebApplication('/home/lenin/www...')
#7 {main}
REQUEST_URI=/yiitwitter/index.php?r=gii/default/index
HTTP_REFERER=http://192.168.1.143/yiitwitter/index.php?r=gii/crud/index
---
2017/02/06 14:54:33 [error] [exception.CHttpException.403] exception 'CHttpException' with message 'Usted no se encuentra autorizado a realizar esta acción.' in /home/lenin/www/yii/framework/web/auth/CAccessControlFilter.php:182
Stack trace:
#0 /home/lenin/www/yii/framework/web/auth/CAccessControlFilter.php(145): CAccessControlFilter->accessDenied(Object(CWebUser), 'Usted no se enc...')
#1 /home/lenin/www/yii/framework/web/filters/CFilter.php(38): CAccessControlFilter->preFilter(Object(CFilterChain))
#2 /home/lenin/www/yii/framework/web/CController.php(1145): CFilter->filter(Object(CFilterChain))
#3 /home/lenin/www/yii/framework/web/filters/CInlineFilter.php(58): CController->filterAccessControl(Object(CFilterChain))
#4 /home/lenin/www/yii/framework/web/filters/CFilterChain.php(130): CInlineFilter->filter(Object(CFilterChain))
#5 /home/lenin/www/yii/framework/web/CController.php(291): CFilterChain->run()
#6 /home/lenin/www/yii/framework/web/CController.php(265): CController->runActionWithFilters(Object(CInlineAction), Array)
#7 /home/lenin/www/yii/framework/web/CWebApplication.php(282): CController->run('admin')
#8 /home/lenin/www/yii/framework/web/CWebApplication.php(141): CWebApplication->runController('usuario/admin')
#9 /home/lenin/www/yii/framework/base/CApplication.php(185): CWebApplication->processRequest()
#10 /home/lenin/www/yiitwitter/index.php(13): CApplication->run()
#11 {main}
REQUEST_URI=/yiitwitter/index.php?r=usuario/admin
HTTP_REFERER=http://192.168.1.143/yiitwitter/index.php?r=usuario
---
2017/02/06 14:54:50 [error] [exception.CHttpException.404] exception 'CHttpException' with message 'El sistema no ha podido encontrar la acción "administrador" solicitada.' in /home/lenin/www/yii/framework/web/CController.php:483
Stack trace:
#0 /home/lenin/www/yii/framework/web/CController.php(270): CController->missingAction('administrador')
#1 /home/lenin/www/yii/framework/web/CWebApplication.php(282): CController->run('administrador')
#2 /home/lenin/www/yii/framework/web/CWebApplication.php(141): CWebApplication->runController('usuario/adminis...')
#3 /home/lenin/www/yii/framework/base/CApplication.php(185): CWebApplication->processRequest()
#4 /home/lenin/www/yiitwitter/index.php(13): CApplication->run()
#5 {main}
REQUEST_URI=/yiitwitter/index.php?r=usuario/administrador
---
2017/02/06 14:54:57 [error] [exception.CHttpException.403] exception 'CHttpException' with message 'Usted no se encuentra autorizado a realizar esta acción.' in /home/lenin/www/yii/framework/web/auth/CAccessControlFilter.php:182
Stack trace:
#0 /home/lenin/www/yii/framework/web/auth/CAccessControlFilter.php(145): CAccessControlFilter->accessDenied(Object(CWebUser), 'Usted no se enc...')
#1 /home/lenin/www/yii/framework/web/filters/CFilter.php(38): CAccessControlFilter->preFilter(Object(CFilterChain))
#2 /home/lenin/www/yii/framework/web/CController.php(1145): CFilter->filter(Object(CFilterChain))
#3 /home/lenin/www/yii/framework/web/filters/CInlineFilter.php(58): CController->filterAccessControl(Object(CFilterChain))
#4 /home/lenin/www/yii/framework/web/filters/CFilterChain.php(130): CInlineFilter->filter(Object(CFilterChain))
#5 /home/lenin/www/yii/framework/web/CController.php(291): CFilterChain->run()
#6 /home/lenin/www/yii/framework/web/CController.php(265): CController->runActionWithFilters(Object(CInlineAction), Array)
#7 /home/lenin/www/yii/framework/web/CWebApplication.php(282): CController->run('admin')
#8 /home/lenin/www/yii/framework/web/CWebApplication.php(141): CWebApplication->runController('usuario/admin')
#9 /home/lenin/www/yii/framework/base/CApplication.php(185): CWebApplication->processRequest()
#10 /home/lenin/www/yiitwitter/index.php(13): CApplication->run()
#11 {main}
REQUEST_URI=/yiitwitter/index.php?r=usuario/admin
---
2017/02/06 14:55:02 [error] [exception.CHttpException.403] exception 'CHttpException' with message 'Usted no se encuentra autorizado a realizar esta acción.' in /home/lenin/www/yii/framework/web/auth/CAccessControlFilter.php:182
Stack trace:
#0 /home/lenin/www/yii/framework/web/auth/CAccessControlFilter.php(145): CAccessControlFilter->accessDenied(Object(CWebUser), 'Usted no se enc...')
#1 /home/lenin/www/yii/framework/web/filters/CFilter.php(38): CAccessControlFilter->preFilter(Object(CFilterChain))
#2 /home/lenin/www/yii/framework/web/CController.php(1145): CFilter->filter(Object(CFilterChain))
#3 /home/lenin/www/yii/framework/web/filters/CInlineFilter.php(58): CController->filterAccessControl(Object(CFilterChain))
#4 /home/lenin/www/yii/framework/web/filters/CFilterChain.php(130): CInlineFilter->filter(Object(CFilterChain))
#5 /home/lenin/www/yii/framework/web/CController.php(291): CFilterChain->run()
#6 /home/lenin/www/yii/framework/web/CController.php(265): CController->runActionWithFilters(Object(CInlineAction), Array)
#7 /home/lenin/www/yii/framework/web/CWebApplication.php(282): CController->run('admin')
#8 /home/lenin/www/yii/framework/web/CWebApplication.php(141): CWebApplication->runController('usuario/admin')
#9 /home/lenin/www/yii/framework/base/CApplication.php(185): CWebApplication->processRequest()
#10 /home/lenin/www/yiitwitter/index.php(13): CApplication->run()
#11 {main}
REQUEST_URI=/yiitwitter/index.php?r=usuario/admin
HTTP_REFERER=http://192.168.1.143/yiitwitter/index.php?r=usuario
---
2017/02/06 14:55:07 [error] [exception.CHttpException.404] exception 'CHttpException' with message 'El sistema no ha podido encontrar la acción "administrador" solicitada.' in /home/lenin/www/yii/framework/web/CController.php:483
Stack trace:
#0 /home/lenin/www/yii/framework/web/CController.php(270): CController->missingAction('administrador')
#1 /home/lenin/www/yii/framework/web/CWebApplication.php(282): CController->run('administrador')
#2 /home/lenin/www/yii/framework/web/CWebApplication.php(141): CWebApplication->runController('')
#3 /home/lenin/www/yii/framework/base/CApplication.php(185): CWebApplication->processRequest()
#4 /home/lenin/www/yiitwitter/index.php(13): CApplication->run()
#5 {main}
REQUEST_URI=/yiitwitter/index.php
HTTP_REFERER=http://192.168.1.143/yiitwitter/index.php?r=usuario
---
2017/02/06 16:05:04 [error] [php] date() expects at least 1 parameter, 0 given (/home/lenin/www/yiitwitter/protected/controllers/UsuarioController.php:80)
Stack trace:
#0 /home/lenin/www/yii/framework/web/CController.php(308): CInlineAction->runWithParams()
#1 /home/lenin/www/yii/framework/web/filters/CFilterChain.php(133): UsuarioController->runAction()
#2 /home/lenin/www/yii/framework/web/filters/CFilter.php(40): CFilterChain->run()
#3 /home/lenin/www/yii/framework/web/CController.php(1145): CAccessControlFilter->filter()
#4 /home/lenin/www/yii/framework/web/filters/CInlineFilter.php(58): UsuarioController->filterAccessControl()
#5 /home/lenin/www/yii/framework/web/filters/CFilterChain.php(130): CInlineFilter->filter()
#6 /home/lenin/www/yii/framework/web/CController.php(291): CFilterChain->run()
#7 /home/lenin/www/yii/framework/web/CController.php(265): UsuarioController->runActionWithFilters()
#8 /home/lenin/www/yii/framework/web/CWebApplication.php(282): UsuarioController->run()
#9 /home/lenin/www/yii/framework/web/CWebApplication.php(141): CWebApplication->runController()
#10 /home/lenin/www/yii/framework/base/CApplication.php(185): CWebApplication->processRequest()
#11 /home/lenin/www/yiitwitter/index.php(13): CWebApplication->run()
REQUEST_URI=/yiitwitter/index.php?r=usuario/create
in /home/lenin/www/yiitwitter/protected/controllers/UsuarioController.php (80)
in /home/lenin/www/yiitwitter/index.php (13)
2017/02/06 16:15:16 [error] [php] Missing argument 2 for CUploadedFile::getInstance(), called in /home/lenin/www/yiitwitter/protected/controllers/UsuarioController.php on line 73 and defined (/home/lenin/www/yii/framework/web/CUploadedFile.php:57)
Stack trace:
#0 /home/lenin/www/yii/framework/web/CController.php(308): CInlineAction->runWithParams()
#1 /home/lenin/www/yii/framework/web/filters/CFilterChain.php(133): UsuarioController->runAction()
#2 /home/lenin/www/yii/framework/web/filters/CFilter.php(40): CFilterChain->run()
#3 /home/lenin/www/yii/framework/web/CController.php(1145): CAccessControlFilter->filter()
#4 /home/lenin/www/yii/framework/web/filters/CInlineFilter.php(58): UsuarioController->filterAccessControl()
#5 /home/lenin/www/yii/framework/web/filters/CFilterChain.php(130): CInlineFilter->filter()
#6 /home/lenin/www/yii/framework/web/CController.php(291): CFilterChain->run()
#7 /home/lenin/www/yii/framework/web/CController.php(265): UsuarioController->runActionWithFilters()
#8 /home/lenin/www/yii/framework/web/CWebApplication.php(282): UsuarioController->run()
#9 /home/lenin/www/yii/framework/web/CWebApplication.php(141): CWebApplication->runController()
#10 /home/lenin/www/yii/framework/base/CApplication.php(185): CWebApplication->processRequest()
#11 /home/lenin/www/yiitwitter/index.php(13): CWebApplication->run()
REQUEST_URI=/yiitwitter/index.php?r=usuario/create
in /home/lenin/www/yiitwitter/protected/controllers/UsuarioController.php (73)
in /home/lenin/www/yiitwitter/index.php (13)
2017/02/08 08:58:28 [error] [exception.CHttpException.404] exception 'CHttpException' with message 'El sistema no ha podido encontrar la acción "administrador" solicitada.' in /home/lenin/www/yii/framework/web/CController.php:483
Stack trace:
#0 /home/lenin/www/yii/framework/web/CController.php(270): CController->missingAction('administrador')
#1 /home/lenin/www/yii/framework/web/CWebApplication.php(282): CController->run('administrador')
#2 /home/lenin/www/yii/framework/web/CWebApplication.php(141): CWebApplication->runController('')
#3 /home/lenin/www/yii/framework/base/CApplication.php(185): CWebApplication->processRequest()
#4 /home/lenin/www/yiitwitter/index.php(13): CApplication->run()
#5 {main}
REQUEST_URI=/yiitwitter/
---
2017/02/08 09:34:53 [error] [exception.CException] exception 'CException' with message 'La propiedad "Usuario"."username" no se encuentra definida.' in /home/lenin/www/yii/framework/base/CComponent.php:130
Stack trace:
#0 /home/lenin/www/yii/framework/db/ar/CActiveRecord.php(145): CComponent->__get('username')
#1 /home/lenin/www/yii/framework/validators/CUniqueValidator.php(82): CActiveRecord->__get('username')
#2 /home/lenin/www/yii/framework/validators/CValidator.php(201): CUniqueValidator->validateAttribute(Object(Usuario), 'username')
#3 /home/lenin/www/yii/framework/base/CModel.php(159): CValidator->validate(Object(Usuario), NULL)
#4 /home/lenin/www/yii/framework/db/ar/CActiveRecord.php(808): CModel->validate(NULL)
#5 /home/lenin/www/yiitwitter/protected/controllers/UsuarioController.php(75): CActiveRecord->save()
#6 /home/lenin/www/yii/framework/web/actions/CInlineAction.php(49): UsuarioController->actionCreate()
#7 /home/lenin/www/yii/framework/web/CController.php(308): CInlineAction->runWithParams(Array)
#8 /home/lenin/www/yii/framework/web/filters/CFilterChain.php(133): CController->runAction(Object(CInlineAction))
#9 /home/lenin/www/yii/framework/web/filters/CFilter.php(40): CFilterChain->run()
#10 /home/lenin/www/yii/framework/web/CController.php(1145): CFilter->filter(Object(CFilterChain))
#11 /home/lenin/www/yii/framework/web/filters/CInlineFilter.php(58): CController->filterAccessControl(Object(CFilterChain))
#12 /home/lenin/www/yii/framework/web/filters/CFilterChain.php(130): CInlineFilter->filter(Object(CFilterChain))
#13 /home/lenin/www/yii/framework/web/CController.php(291): CFilterChain->run()
#14 /home/lenin/www/yii/framework/web/CController.php(265): CController->runActionWithFilters(Object(CInlineAction), Array)
#15 /home/lenin/www/yii/framework/web/CWebApplication.php(282): CController->run('create')
#16 /home/lenin/www/yii/framework/web/CWebApplication.php(141): CWebApplication->runController('usuario/create')
#17 /home/lenin/www/yii/framework/base/CApplication.php(185): CWebApplication->processRequest()
#18 /home/lenin/www/yiitwitter/index.php(13): CApplication->run()
#19 {main}
REQUEST_URI=/yiitwitter/index.php?r=usuario/create
HTTP_REFERER=http://localhost/yiitwitter/index.php?r=usuario/create
---
2017/02/08 10:13:55 [error] [exception.CException] exception 'CException' with message 'La propiedad "Usuario"."verifyCode" no se encuentra definida.' in /home/lenin/www/yii/framework/base/CComponent.php:130
Stack trace:
#0 /home/lenin/www/yii/framework/db/ar/CActiveRecord.php(145): CComponent->__get('verifyCode')
#1 /home/lenin/www/yii/framework/web/helpers/CHtml.php(2729): CActiveRecord->__get('verifyCode')
#2 /home/lenin/www/yii/framework/web/helpers/CHtml.php(2452): CHtml::resolveValue(Object(Usuario), 'verifyCode')
#3 /home/lenin/www/yii/framework/web/helpers/CHtml.php(1534): CHtml::activeInputField('text', Object(Usuario), 'verifyCode', Array)
#4 /home/lenin/www/yii/framework/web/widgets/CActiveForm.php(792): CHtml::activeTextField(Object(Usuario), 'verifyCode', Array)
#5 /home/lenin/www/yiitwitter/protected/views/usuario/_form.php(68): CActiveForm->textField(Object(Usuario), 'verifyCode')
#6 /home/lenin/www/yii/framework/web/CBaseController.php(126): require('/home/lenin/www...')
#7 /home/lenin/www/yii/framework/web/CBaseController.php(95): CBaseController->renderInternal('/home/lenin/www...', Array, true)
#8 /home/lenin/www/yii/framework/web/CController.php(869): CBaseController->renderFile('/home/lenin/www...', Array, true)
#9 /home/lenin/www/yiitwitter/protected/views/usuario/create.php(15): CController->renderPartial('_form', Array)
#10 /home/lenin/www/yii/framework/web/CBaseController.php(126): require('/home/lenin/www...')
#11 /home/lenin/www/yii/framework/web/CBaseController.php(95): CBaseController->renderInternal('/home/lenin/www...', Array, true)
#12 /home/lenin/www/yii/framework/web/CController.php(869): CBaseController->renderFile('/home/lenin/www...', Array, true)
#13 /home/lenin/www/yii/framework/web/CController.php(782): CController->renderPartial('create', Array, true)
#14 /home/lenin/www/yiitwitter/protected/controllers/UsuarioController.php(90): CController->render('create', Array)
#15 /home/lenin/www/yii/framework/web/actions/CInlineAction.php(49): UsuarioController->actionCreate()
#16 /home/lenin/www/yii/framework/web/CController.php(308): CInlineAction->runWithParams(Array)
#17 /home/lenin/www/yii/framework/web/filters/CFilterChain.php(133): CController->runAction(Object(CInlineAction))
#18 /home/lenin/www/yii/framework/web/filters/CFilter.php(40): CFilterChain->run()
#19 /home/lenin/www/yii/framework/web/CController.php(1145): CFilter->filter(Object(CFilterChain))
#20 /home/lenin/www/yii/framework/web/filters/CInlineFilter.php(58): CController->filterAccessControl(Object(CFilterChain))
#21 /home/lenin/www/yii/framework/web/filters/CFilterChain.php(130): CInlineFilter->filter(Object(CFilterChain))
#22 /home/lenin/www/yii/framework/web/CController.php(291): CFilterChain->run()
#23 /home/lenin/www/yii/framework/web/CController.php(265): CController->runActionWithFilters(Object(CInlineAction), Array)
#24 /home/lenin/www/yii/framework/web/CWebApplication.php(282): CController->run('create')
#25 /home/lenin/www/yii/framework/web/CWebApplication.php(141): CWebApplication->runController('usuario/create')
#26 /home/lenin/www/yii/framework/base/CApplication.php(185): CWebApplication->processRequest()
#27 /home/lenin/www/yiitwitter/index.php(13): CApplication->run()
#28 {main}
REQUEST_URI=/yiitwitter/index.php?r=usuario/create
---
2017/02/08 10:18:21 [error] [exception.CHttpException.404] exception 'CHttpException' with message 'El sistema no ha podido encontrar la acción "captcha" solicitada.' in /home/lenin/www/yii/framework/web/CController.php:483
Stack trace:
#0 /home/lenin/www/yii/framework/web/CController.php(270): CController->missingAction('captcha')
#1 /home/lenin/www/yii/framework/web/CWebApplication.php(282): CController->run('captcha')
#2 /home/lenin/www/yii/framework/web/CWebApplication.php(141): CWebApplication->runController('usuario/captcha')
#3 /home/lenin/www/yii/framework/base/CApplication.php(185): CWebApplication->processRequest()
#4 /home/lenin/www/yiitwitter/index.php(13): CApplication->run()
#5 {main}
REQUEST_URI=/yiitwitter/index.php?r=usuario/captcha&v=589b28ad3e2e4
HTTP_REFERER=http://localhost/yiitwitter/index.php?r=usuario/create
---
2017/02/08 10:18:21 [error] [exception.CHttpException.404] exception 'CHttpException' with message 'El sistema no ha podido encontrar la acción "captcha" solicitada.' in /home/lenin/www/yii/framework/web/CController.php:483
Stack trace:
#0 /home/lenin/www/yii/framework/web/CController.php(270): CController->missingAction('captcha')
#1 /home/lenin/www/yii/framework/web/CWebApplication.php(282): CController->run('captcha')
#2 /home/lenin/www/yii/framework/web/CWebApplication.php(141): CWebApplication->runController('usuario/captcha')
#3 /home/lenin/www/yii/framework/base/CApplication.php(185): CWebApplication->processRequest()
#4 /home/lenin/www/yiitwitter/index.php(13): CApplication->run()
#5 {main}
REQUEST_URI=/yiitwitter/index.php?r=usuario/captcha&v=589b28ad3e2e4
HTTP_REFERER=http://localhost/yiitwitter/index.php?r=usuario/create
---
2017/02/08 10:19:12 [error] [exception.CHttpException.403] exception 'CHttpException' with message 'Usted no se encuentra autorizado a realizar esta acción.' in /home/lenin/www/yii/framework/web/auth/CAccessControlFilter.php:182
Stack trace:
#0 /home/lenin/www/yii/framework/web/auth/CAccessControlFilter.php(145): CAccessControlFilter->accessDenied(Object(CWebUser), 'Usted no se enc...')
#1 /home/lenin/www/yii/framework/web/filters/CFilter.php(38): CAccessControlFilter->preFilter(Object(CFilterChain))
#2 /home/lenin/www/yii/framework/web/CController.php(1145): CFilter->filter(Object(CFilterChain))
#3 /home/lenin/www/yii/framework/web/filters/CInlineFilter.php(58): CController->filterAccessControl(Object(CFilterChain))
#4 /home/lenin/www/yii/framework/web/filters/CFilterChain.php(130): CInlineFilter->filter(Object(CFilterChain))
#5 /home/lenin/www/yii/framework/web/CController.php(291): CFilterChain->run()
#6 /home/lenin/www/yii/framework/web/CController.php(265): CController->runActionWithFilters(Object(CCaptchaAction), Array)
#7 /home/lenin/www/yii/framework/web/CWebApplication.php(282): CController->run('captcha')
#8 /home/lenin/www/yii/framework/web/CWebApplication.php(141): CWebApplication->runController('usuario/captcha')
#9 /home/lenin/www/yii/framework/base/CApplication.php(185): CWebApplication->processRequest()
#10 /home/lenin/www/yiitwitter/index.php(13): CApplication->run()
#11 {main}
REQUEST_URI=/yiitwitter/index.php?r=usuario/captcha&v=589b28e070b1e
HTTP_REFERER=http://localhost/yiitwitter/index.php?r=usuario/create
---
2017/02/08 10:19:12 [error] [exception.CHttpException.403] exception 'CHttpException' with message 'Usted no se encuentra autorizado a realizar esta acción.' in /home/lenin/www/yii/framework/web/auth/CAccessControlFilter.php:182
Stack trace:
#0 /home/lenin/www/yii/framework/web/auth/CAccessControlFilter.php(145): CAccessControlFilter->accessDenied(Object(CWebUser), 'Usted no se enc...')
#1 /home/lenin/www/yii/framework/web/filters/CFilter.php(38): CAccessControlFilter->preFilter(Object(CFilterChain))
#2 /home/lenin/www/yii/framework/web/CController.php(1145): CFilter->filter(Object(CFilterChain))
#3 /home/lenin/www/yii/framework/web/filters/CInlineFilter.php(58): CController->filterAccessControl(Object(CFilterChain))
#4 /home/lenin/www/yii/framework/web/filters/CFilterChain.php(130): CInlineFilter->filter(Object(CFilterChain))
#5 /home/lenin/www/yii/framework/web/CController.php(291): CFilterChain->run()
#6 /home/lenin/www/yii/framework/web/CController.php(265): CController->runActionWithFilters(Object(CCaptchaAction), Array)
#7 /home/lenin/www/yii/framework/web/CWebApplication.php(282): CController->run('captcha')
#8 /home/lenin/www/yii/framework/web/CWebApplication.php(141): CWebApplication->runController('usuario/captcha')
#9 /home/lenin/www/yii/framework/base/CApplication.php(185): CWebApplication->processRequest()
#10 /home/lenin/www/yiitwitter/index.php(13): CApplication->run()
#11 {main}
REQUEST_URI=/yiitwitter/index.php?r=usuario/captcha&v=589b28e070b1e
HTTP_REFERER=http://localhost/yiitwitter/index.php?r=usuario/create
---
2017/02/08 11:18:28 [error] [php] Trying to get property of non-object (/home/lenin/www/yii/framework/base/CComponent.php(612) : eval()'d code:1)
Stack trace:
#0 /home/lenin/www/yii/framework/zii/widgets/grid/CGridColumn.php(231): TbDataColumn->getDataCellContent()
#1 /home/lenin/www/yii/framework/zii/widgets/grid/CGridColumn.php(154): TbDataColumn->renderDataCellContent()
#2 /home/lenin/www/yii/framework/zii/widgets/grid/CGridView.php(638): TbDataColumn->renderDataCell()
#3 /home/lenin/www/yii/framework/zii/widgets/grid/CGridView.php(622): TbGridView->renderDataCell()
#4 /home/lenin/www/yii/framework/zii/widgets/grid/CGridView.php(578): TbGridView->renderTableRow()
#5 /home/lenin/www/yii/framework/zii/widgets/grid/CGridView.php(488): TbGridView->renderTableBody()
#6 /home/lenin/www/yii/framework/zii/widgets/CBaseListView.php(181): TbGridView->renderItems()
#7 unknown(0): TbGridView->renderSection()
#8 /home/lenin/www/yii/framework/zii/widgets/CBaseListView.php(164): preg_replace_callback()
#9 /home/lenin/www/yii/framework/zii/widgets/CBaseListView.php(149): TbGridView->renderContent()
#10 /home/lenin/www/yii/framework/web/CBaseController.php(181): TbGridView->run()
#11 /home/lenin/www/yiitwitter/protected/views/usuario/admin.php(72): UsuarioController->widget()
#12 /home/lenin/www/yii/framework/web/CBaseController.php(126): require()
#13 /home/lenin/www/yii/framework/web/CBaseController.php(95): UsuarioController->renderInternal()
#14 /home/lenin/www/yii/framework/web/CController.php(869): UsuarioController->renderFile()
#15 /home/lenin/www/yii/framework/web/CController.php(782): UsuarioController->renderPartial()
#16 /home/lenin/www/yiitwitter/protected/controllers/UsuarioController.php(172): UsuarioController->render()
#17 /home/lenin/www/yii/framework/web/actions/CInlineAction.php(49): UsuarioController->actionAdmin()
#18 /home/lenin/www/yii/framework/web/CController.php(308): CInlineAction->runWithParams()
#19 /home/lenin/www/yii/framework/web/filters/CFilterChain.php(133): UsuarioController->runAction()
#20 /home/lenin/www/yii/framework/web/filters/CFilter.php(40): CFilterChain->run()
#21 /home/lenin/www/yii/framework/web/CController.php(1145): CAccessControlFilter->filter()
#22 /home/lenin/www/yii/framework/web/filters/CInlineFilter.php(58): UsuarioController->filterAccessControl()
#23 /home/lenin/www/yii/framework/web/filters/CFilterChain.php(130): CInlineFilter->filter()
#24 /home/lenin/www/yii/framework/web/CController.php(291): CFilterChain->run()
#25 /home/lenin/www/yii/framework/web/CController.php(265): UsuarioController->runActionWithFilters()
#26 /home/lenin/www/yii/framework/web/CWebApplication.php(282): UsuarioController->run()
#27 /home/lenin/www/yii/framework/web/CWebApplication.php(141): CWebApplication->runController()
#28 /home/lenin/www/yii/framework/base/CApplication.php(185): CWebApplication->processRequest()
#29 /home/lenin/www/yiitwitter/index.php(13): CWebApplication->run()
REQUEST_URI=/yiitwitter/index.php?r=usuario/admin
in /home/lenin/www/yiitwitter/protected/views/usuario/admin.php (72)
in /home/lenin/www/yiitwitter/protected/controllers/UsuarioController.php (172)
in /home/lenin/www/yiitwitter/index.php (13)
2017/02/08 12:12:13 [error] [exception.CHttpException.404] exception 'CHttpException' with message 'El sistema no ha podido encontrar la acción "pdf" solicitada.' in /home/lenin/www/yii/framework/web/CController.php:483
Stack trace:
#0 /home/lenin/www/yii/framework/web/CController.php(270): CController->missingAction('pdf')
#1 /home/lenin/www/yii/framework/web/CWebApplication.php(282): CController->run('pdf')
#2 /home/lenin/www/yii/framework/web/CWebApplication.php(141): CWebApplication->runController('usuario/pdf')
#3 /home/lenin/www/yii/framework/base/CApplication.php(185): CWebApplication->processRequest()
#4 /home/lenin/www/yiitwitter/index.php(13): CApplication->run()
#5 {main}
REQUEST_URI=/yiitwitter/index.php?r=usuario/pdf&id=1
HTTP_REFERER=http://localhost/yiitwitter/index.php?r=usuario/admin
---
2017/02/08 13:43:56 [warning] [application] Error al establecer unsafe al atributo "verifyCode" de "Usuario".
in /home/lenin/www/yiitwitter/protected/controllers/UsuarioController.php (83)
in /home/lenin/www/yiitwitter/index.php (13)
2017/02/08 13:58:38 [error] [php] Use of undefined constant d - assumed 'd' (/home/lenin/www/yii/framework/base/CComponent.php(612) : eval()'d code:2)
Stack trace:
#0 /home/lenin/www/yii/framework/zii/widgets/grid/CButtonColumn.php(321): TbButtonColumn->renderButton()
#1 /home/lenin/www/yii/framework/zii/widgets/grid/CGridColumn.php(231): TbButtonColumn->getDataCellContent()
#2 /home/lenin/www/yii/framework/zii/widgets/grid/CGridColumn.php(154): TbButtonColumn->renderDataCellContent()
#3 /home/lenin/www/yii/framework/zii/widgets/grid/CGridView.php(638): TbButtonColumn->renderDataCell()
#4 /home/lenin/www/yii/framework/zii/widgets/grid/CGridView.php(622): TbGridView->renderDataCell()
#5 /home/lenin/www/yii/framework/zii/widgets/grid/CGridView.php(578): TbGridView->renderTableRow()
#6 /home/lenin/www/yii/framework/zii/widgets/grid/CGridView.php(488): TbGridView->renderTableBody()
#7 /home/lenin/www/yii/framework/zii/widgets/CBaseListView.php(181): TbGridView->renderItems()
#8 unknown(0): TbGridView->renderSection()
#9 /home/lenin/www/yii/framework/zii/widgets/CBaseListView.php(164): preg_replace_callback()
#10 /home/lenin/www/yii/framework/zii/widgets/CBaseListView.php(149): TbGridView->renderContent()
#11 /home/lenin/www/yii/framework/web/CBaseController.php(181): TbGridView->run()
#12 /home/lenin/www/yiitwitter/protected/views/usuario/admin.php(135): UsuarioController->widget()
#13 /home/lenin/www/yii/framework/web/CBaseController.php(126): require()
#14 /home/lenin/www/yii/framework/web/CBaseController.php(95): UsuarioController->renderInternal()
#15 /home/lenin/www/yii/framework/web/CController.php(869): UsuarioController->renderFile()
#16 /home/lenin/www/yii/framework/web/CController.php(782): UsuarioController->renderPartial()
#17 /home/lenin/www/yiitwitter/protected/controllers/UsuarioController.php(172): UsuarioController->render()
#18 /home/lenin/www/yii/framework/web/actions/CInlineAction.php(49): UsuarioController->actionAdmin()
#19 /home/lenin/www/yii/framework/web/CController.php(308): CInlineAction->runWithParams()
#20 /home/lenin/www/yii/framework/web/filters/CFilterChain.php(133): UsuarioController->runAction()
#21 /home/lenin/www/yii/framework/web/filters/CFilter.php(40): CFilterChain->run()
#22 /home/lenin/www/yii/framework/web/CController.php(1145): CAccessControlFilter->filter()
#23 /home/lenin/www/yii/framework/web/filters/CInlineFilter.php(58): UsuarioController->filterAccessControl()
#24 /home/lenin/www/yii/framework/web/filters/CFilterChain.php(130): CInlineFilter->filter()
#25 /home/lenin/www/yii/framework/web/CController.php(291): CFilterChain->run()
#26 /home/lenin/www/yii/framework/web/CController.php(265): UsuarioController->runActionWithFilters()
#27 /home/lenin/www/yii/framework/web/CWebApplication.php(282): UsuarioController->run()
#28 /home/lenin/www/yii/framework/web/CWebApplication.php(141): CWebApplication->runController()
#29 /home/lenin/www/yii/framework/base/CApplication.php(185): CWebApplication->processRequest()
#30 /home/lenin/www/yiitwitter/index.php(13): CWebApplication->run()
REQUEST_URI=/yiitwitter/index.php?r=usuario/admin
in /home/lenin/www/yiitwitter/protected/extensions/yiibooster/widgets/TbButtonColumn.php (78)
in /home/lenin/www/yiitwitter/protected/views/usuario/admin.php (135)
in /home/lenin/www/yiitwitter/protected/controllers/UsuarioController.php (172)
2017/02/08 13:59:44 [error] [exception.CHttpException.404] exception 'CHttpException' with message 'El sistema no ha podido encontrar la acción "personalizado" solicitada.' in /home/lenin/www/yii/framework/web/CController.php:483
Stack trace:
#0 /home/lenin/www/yii/framework/web/CController.php(270): CController->missingAction('personalizado')
#1 /home/lenin/www/yii/framework/web/CWebApplication.php(282): CController->run('personalizado')
#2 /home/lenin/www/yii/framework/web/CWebApplication.php(141): CWebApplication->runController('usuario/persona...')
#3 /home/lenin/www/yii/framework/base/CApplication.php(185): CWebApplication->processRequest()
#4 /home/lenin/www/yiitwitter/index.php(13): CApplication->run()
#5 {main}
REQUEST_URI=/yiitwitter/index.php?r=usuario/personalizado&idusuario=2&fechaconsulta=valor+fecha
HTTP_REFERER=http://localhost/yiitwitter/index.php?r=usuario/admin
---
2017/02/08 14:01:43 [error] [exception.CHttpException.403] exception 'CHttpException' with message 'Usted no se encuentra autorizado a realizar esta acción.' in /home/lenin/www/yii/framework/web/auth/CAccessControlFilter.php:182
Stack trace:
#0 /home/lenin/www/yii/framework/web/auth/CAccessControlFilter.php(145): CAccessControlFilter->accessDenied(Object(CWebUser), 'Usted no se enc...')
#1 /home/lenin/www/yii/framework/web/filters/CFilter.php(38): CAccessControlFilter->preFilter(Object(CFilterChain))
#2 /home/lenin/www/yii/framework/web/CController.php(1145): CFilter->filter(Object(CFilterChain))
#3 /home/lenin/www/yii/framework/web/filters/CInlineFilter.php(58): CController->filterAccessControl(Object(CFilterChain))
#4 /home/lenin/www/yii/framework/web/filters/CFilterChain.php(130): CInlineFilter->filter(Object(CFilterChain))
#5 /home/lenin/www/yii/framework/web/CController.php(291): CFilterChain->run()
#6 /home/lenin/www/yii/framework/web/CController.php(265): CController->runActionWithFilters(Object(CInlineAction), Array)
#7 /home/lenin/www/yii/framework/web/CWebApplication.php(282): CController->run('personalizado')
#8 /home/lenin/www/yii/framework/web/CWebApplication.php(141): CWebApplication->runController('usuario/persona...')
#9 /home/lenin/www/yii/framework/base/CApplication.php(185): CWebApplication->processRequest()
#10 /home/lenin/www/yiitwitter/index.php(13): CApplication->run()
#11 {main}
REQUEST_URI=/yiitwitter/index.php?r=usuario/personalizado&idusuario=2&fechaconsulta=valor+fecha
HTTP_REFERER=http://localhost/yiitwitter/index.php?r=usuario/admin
---
2017/02/08 14:39:08 [error] [php] Undefined variable: fecha (/home/lenin/www/yiitwitter/protected/controllers/UsuarioController.php:63)
Stack trace:
#0 /home/lenin/www/yii/framework/web/actions/CInlineAction.php(47): CInlineAction->runWithParamsInternal()
#1 /home/lenin/www/yii/framework/web/CController.php(308): CInlineAction->runWithParams()
#2 /home/lenin/www/yii/framework/web/filters/CFilterChain.php(133): UsuarioController->runAction()
#3 /home/lenin/www/yii/framework/web/filters/CFilter.php(40): CFilterChain->run()
#4 /home/lenin/www/yii/framework/web/CController.php(1145): CAccessControlFilter->filter()
#5 /home/lenin/www/yii/framework/web/filters/CInlineFilter.php(58): UsuarioController->filterAccessControl()
#6 /home/lenin/www/yii/framework/web/filters/CFilterChain.php(130): CInlineFilter->filter()
#7 /home/lenin/www/yii/framework/web/CController.php(291): CFilterChain->run()
#8 /home/lenin/www/yii/framework/web/CController.php(265): UsuarioController->runActionWithFilters()
#9 /home/lenin/www/yii/framework/web/CWebApplication.php(282): UsuarioController->run()
#10 /home/lenin/www/yii/framework/web/CWebApplication.php(141): CWebApplication->runController()
#11 /home/lenin/www/yii/framework/base/CApplication.php(185): CWebApplication->processRequest()
#12 /home/lenin/www/yiitwitter/index.php(13): CWebApplication->run()
REQUEST_URI=/yiitwitter/index.php?r=usuario/personalizado&idusuario=2&fechaconsulta=valor+fecha
in /home/lenin/www/yiitwitter/protected/controllers/UsuarioController.php (63)
in /home/lenin/www/yiitwitter/index.php (13)
2017/02/08 14:41:51 [error] [php] Undefined index: REMOTE_HOST (/home/lenin/www/yiitwitter/protected/controllers/UsuarioController.php:63)
Stack trace:
#0 /home/lenin/www/yii/framework/web/actions/CInlineAction.php(47): CInlineAction->runWithParamsInternal()
#1 /home/lenin/www/yii/framework/web/CController.php(308): CInlineAction->runWithParams()
#2 /home/lenin/www/yii/framework/web/filters/CFilterChain.php(133): UsuarioController->runAction()
#3 /home/lenin/www/yii/framework/web/filters/CFilter.php(40): CFilterChain->run()
#4 /home/lenin/www/yii/framework/web/CController.php(1145): CAccessControlFilter->filter()
#5 /home/lenin/www/yii/framework/web/filters/CInlineFilter.php(58): UsuarioController->filterAccessControl()
#6 /home/lenin/www/yii/framework/web/filters/CFilterChain.php(130): CInlineFilter->filter()
#7 /home/lenin/www/yii/framework/web/CController.php(291): CFilterChain->run()
#8 /home/lenin/www/yii/framework/web/CController.php(265): UsuarioController->runActionWithFilters()
#9 /home/lenin/www/yii/framework/web/CWebApplication.php(282): UsuarioController->run()
#10 /home/lenin/www/yii/framework/web/CWebApplication.php(141): CWebApplication->runController()
#11 /home/lenin/www/yii/framework/base/CApplication.php(185): CWebApplication->processRequest()
#12 /home/lenin/www/yiitwitter/index.php(13): CWebApplication->run()
REQUEST_URI=/yiitwitter/index.php?r=usuario/personalizado&idusuario=2&fechaconsulta=valor+fecha
in /home/lenin/www/yiitwitter/protected/controllers/UsuarioController.php (63)
in /home/lenin/www/yiitwitter/index.php (13)
2017/02/08 14:42:20 [error] [php] Undefined index: HTTP_CLIENT_IP (/home/lenin/www/yiitwitter/protected/controllers/UsuarioController.php:63)
Stack trace:
#0 /home/lenin/www/yii/framework/web/actions/CInlineAction.php(47): CInlineAction->runWithParamsInternal()
#1 /home/lenin/www/yii/framework/web/CController.php(308): CInlineAction->runWithParams()
#2 /home/lenin/www/yii/framework/web/filters/CFilterChain.php(133): UsuarioController->runAction()
#3 /home/lenin/www/yii/framework/web/filters/CFilter.php(40): CFilterChain->run()
#4 /home/lenin/www/yii/framework/web/CController.php(1145): CAccessControlFilter->filter()
#5 /home/lenin/www/yii/framework/web/filters/CInlineFilter.php(58): UsuarioController->filterAccessControl()
#6 /home/lenin/www/yii/framework/web/filters/CFilterChain.php(130): CInlineFilter->filter()
#7 /home/lenin/www/yii/framework/web/CController.php(291): CFilterChain->run()
#8 /home/lenin/www/yii/framework/web/CController.php(265): UsuarioController->runActionWithFilters()
#9 /home/lenin/www/yii/framework/web/CWebApplication.php(282): UsuarioController->run()
#10 /home/lenin/www/yii/framework/web/CWebApplication.php(141): CWebApplication->runController()
#11 /home/lenin/www/yii/framework/base/CApplication.php(185): CWebApplication->processRequest()
#12 /home/lenin/www/yiitwitter/index.php(13): CWebApplication->run()
REQUEST_URI=/yiitwitter/index.php?r=usuario/personalizado&idusuario=2&fechaconsulta=valor+fecha
in /home/lenin/www/yiitwitter/protected/controllers/UsuarioController.php (63)
in /home/lenin/www/yiitwitter/index.php (13)
2017/02/08 14:42:21 [error] [php] Undefined index: HTTP_CLIENT_IP (/home/lenin/www/yiitwitter/protected/controllers/UsuarioController.php:63)
Stack trace:
#0 /home/lenin/www/yii/framework/web/actions/CInlineAction.php(47): CInlineAction->runWithParamsInternal()
#1 /home/lenin/www/yii/framework/web/CController.php(308): CInlineAction->runWithParams()
#2 /home/lenin/www/yii/framework/web/filters/CFilterChain.php(133): UsuarioController->runAction()
#3 /home/lenin/www/yii/framework/web/filters/CFilter.php(40): CFilterChain->run()
#4 /home/lenin/www/yii/framework/web/CController.php(1145): CAccessControlFilter->filter()
#5 /home/lenin/www/yii/framework/web/filters/CInlineFilter.php(58): UsuarioController->filterAccessControl()
#6 /home/lenin/www/yii/framework/web/filters/CFilterChain.php(130): CInlineFilter->filter()
#7 /home/lenin/www/yii/framework/web/CController.php(291): CFilterChain->run()
#8 /home/lenin/www/yii/framework/web/CController.php(265): UsuarioController->runActionWithFilters()
#9 /home/lenin/www/yii/framework/web/CWebApplication.php(282): UsuarioController->run()
#10 /home/lenin/www/yii/framework/web/CWebApplication.php(141): CWebApplication->runController()
#11 /home/lenin/www/yii/framework/base/CApplication.php(185): CWebApplication->processRequest()
#12 /home/lenin/www/yiitwitter/index.php(13): CWebApplication->run()
REQUEST_URI=/yiitwitter/index.php?r=usuario/personalizado&idusuario=2&fechaconsulta=valor+fecha
in /home/lenin/www/yiitwitter/protected/controllers/UsuarioController.php (63)
in /home/lenin/www/yiitwitter/index.php (13)
2017/02/08 14:51:48 [error] [php] Object of class Tweet could not be converted to string (/home/lenin/www/yiitwitter/protected/views/usuario/mivista.php:16)
Stack trace:
#0 /home/lenin/www/yii/framework/web/CController.php(869): UsuarioController->renderFile()
#1 /home/lenin/www/yii/framework/web/CController.php(782): UsuarioController->renderPartial()
#2 /home/lenin/www/yiitwitter/protected/controllers/UsuarioController.php(71): UsuarioController->render()
#3 unknown(0): UsuarioController->actionPersonalizado()
#4 /home/lenin/www/yii/framework/web/actions/CAction.php(109): ReflectionMethod->invokeArgs()
#5 /home/lenin/www/yii/framework/web/actions/CInlineAction.php(47): CInlineAction->runWithParamsInternal()
#6 /home/lenin/www/yii/framework/web/CController.php(308): CInlineAction->runWithParams()
#7 /home/lenin/www/yii/framework/web/filters/CFilterChain.php(133): UsuarioController->runAction()
#8 /home/lenin/www/yii/framework/web/filters/CFilter.php(40): CFilterChain->run()
#9 /home/lenin/www/yii/framework/web/CController.php(1145): CAccessControlFilter->filter()
#10 /home/lenin/www/yii/framework/web/filters/CInlineFilter.php(58): UsuarioController->filterAccessControl()
#11 /home/lenin/www/yii/framework/web/filters/CFilterChain.php(130): CInlineFilter->filter()
#12 /home/lenin/www/yii/framework/web/CController.php(291): CFilterChain->run()
#13 /home/lenin/www/yii/framework/web/CController.php(265): UsuarioController->runActionWithFilters()
#14 /home/lenin/www/yii/framework/web/CWebApplication.php(282): UsuarioController->run()
#15 /home/lenin/www/yii/framework/web/CWebApplication.php(141): CWebApplication->runController()
#16 /home/lenin/www/yii/framework/base/CApplication.php(185): CWebApplication->processRequest()
#17 /home/lenin/www/yiitwitter/index.php(13): CWebApplication->run()
REQUEST_URI=/yiitwitter/index.php?r=usuario/personalizado&idusuario=1&fechaconsulta=valor+fecha
in /home/lenin/www/yiitwitter/protected/views/usuario/mivista.php (16)
in /home/lenin/www/yiitwitter/protected/controllers/UsuarioController.php (71)
in /home/lenin/www/yiitwitter/index.php (13)
2017/02/08 14:53:07 [error] [exception.CException] exception 'CException' with message 'La propiedad "Tweet"."0" no se encuentra definida.' in /home/lenin/www/yii/framework/base/CComponent.php:130
Stack trace:
#0 /home/lenin/www/yii/framework/db/ar/CActiveRecord.php(145): CComponent->__get('0')
#1 /home/lenin/www/yii/framework/base/CModel.php(596): CActiveRecord->__get('0')
#2 /home/lenin/www/yiitwitter/protected/views/usuario/mivista.php(16): CModel->offsetGet(0)
#3 /home/lenin/www/yii/framework/web/CBaseController.php(126): require('/home/lenin/www...')
#4 /home/lenin/www/yii/framework/web/CBaseController.php(95): CBaseController->renderInternal('/home/lenin/www...', Array, true)
#5 /home/lenin/www/yii/framework/web/CController.php(869): CBaseController->renderFile('/home/lenin/www...', Array, true)
#6 /home/lenin/www/yii/framework/web/CController.php(782): CController->renderPartial('mivista', Array, true)
#7 /home/lenin/www/yiitwitter/protected/controllers/UsuarioController.php(72): CController->render('mivista', Array)
#8 [internal function]: UsuarioController->actionPersonalizado('1')
#9 /home/lenin/www/yii/framework/web/actions/CAction.php(109): ReflectionMethod->invokeArgs(Object(UsuarioController), Array)
#10 /home/lenin/www/yii/framework/web/actions/CInlineAction.php(47): CAction->runWithParamsInternal(Object(UsuarioController), Object(ReflectionMethod), Array)
#11 /home/lenin/www/yii/framework/web/CController.php(308): CInlineAction->runWithParams(Array)
#12 /home/lenin/www/yii/framework/web/filters/CFilterChain.php(133): CController->runAction(Object(CInlineAction))
#13 /home/lenin/www/yii/framework/web/filters/CFilter.php(40): CFilterChain->run()
#14 /home/lenin/www/yii/framework/web/CController.php(1145): CFilter->filter(Object(CFilterChain))
#15 /home/lenin/www/yii/framework/web/filters/CInlineFilter.php(58): CController->filterAccessControl(Object(CFilterChain))
#16 /home/lenin/www/yii/framework/web/filters/CFilterChain.php(130): CInlineFilter->filter(Object(CFilterChain))
#17 /home/lenin/www/yii/framework/web/CController.php(291): CFilterChain->run()
#18 /home/lenin/www/yii/framework/web/CController.php(265): CController->runActionWithFilters(Object(CInlineAction), Array)
#19 /home/lenin/www/yii/framework/web/CWebApplication.php(282): CController->run('personalizado')
#20 /home/lenin/www/yii/framework/web/CWebApplication.php(141): CWebApplication->runController('usuario/persona...')
#21 /home/lenin/www/yii/framework/base/CApplication.php(185): CWebApplication->processRequest()
#22 /home/lenin/www/yiitwitter/index.php(13): CApplication->run()
#23 {main}
REQUEST_URI=/yiitwitter/index.php?r=usuario/personalizado&idusuario=1&fechaconsulta=valor+fecha
HTTP_REFERER=http://192.168.1.141/yiitwitter/index.php?r=usuario/admin
---
2017/02/08 15:01:52 [error] [php] Undefined variable: tweets (/home/lenin/www/yiitwitter/protected/views/usuario/mivista.php:16)
Stack trace:
#0 /home/lenin/www/yii/framework/web/CController.php(869): UsuarioController->renderFile()
#1 /home/lenin/www/yii/framework/web/CController.php(782): UsuarioController->renderPartial()
#2 /home/lenin/www/yiitwitter/protected/controllers/UsuarioController.php(72): UsuarioController->render()
#3 unknown(0): UsuarioController->actionPersonalizado()
#4 /home/lenin/www/yii/framework/web/actions/CAction.php(109): ReflectionMethod->invokeArgs()
#5 /home/lenin/www/yii/framework/web/actions/CInlineAction.php(47): CInlineAction->runWithParamsInternal()
#6 /home/lenin/www/yii/framework/web/CController.php(308): CInlineAction->runWithParams()
#7 /home/lenin/www/yii/framework/web/filters/CFilterChain.php(133): UsuarioController->runAction()
#8 /home/lenin/www/yii/framework/web/filters/CFilter.php(40): CFilterChain->run()
#9 /home/lenin/www/yii/framework/web/CController.php(1145): CAccessControlFilter->filter()
#10 /home/lenin/www/yii/framework/web/filters/CInlineFilter.php(58): UsuarioController->filterAccessControl()
#11 /home/lenin/www/yii/framework/web/filters/CFilterChain.php(130): CInlineFilter->filter()
#12 /home/lenin/www/yii/framework/web/CController.php(291): CFilterChain->run()
#13 /home/lenin/www/yii/framework/web/CController.php(265): UsuarioController->runActionWithFilters()
#14 /home/lenin/www/yii/framework/web/CWebApplication.php(282): UsuarioController->run()
#15 /home/lenin/www/yii/framework/web/CWebApplication.php(141): CWebApplication->runController()
#16 /home/lenin/www/yii/framework/base/CApplication.php(185): CWebApplication->processRequest()
#17 /home/lenin/www/yiitwitter/index.php(13): CWebApplication->run()
REQUEST_URI=/yiitwitter/index.php?r=usuario/personalizado&idusuario=1&fechaconsulta=valor+fecha
in /home/lenin/www/yiitwitter/protected/views/usuario/mivista.php (16)
in /home/lenin/www/yiitwitter/protected/controllers/UsuarioController.php (72)
in /home/lenin/www/yiitwitter/index.php (13)
2017/02/08 15:27:54 [error] [php] Trying to get property of non-object (/home/lenin/www/yiitwitter/protected/views/usuario/mivista.php:16)
Stack trace:
#0 /home/lenin/www/yii/framework/web/CController.php(869): UsuarioController->renderFile()
#1 /home/lenin/www/yii/framework/web/CController.php(782): UsuarioController->renderPartial()
#2 /home/lenin/www/yiitwitter/protected/controllers/UsuarioController.php(72): UsuarioController->render()
#3 unknown(0): UsuarioController->actionPersonalizado()
#4 /home/lenin/www/yii/framework/web/actions/CAction.php(109): ReflectionMethod->invokeArgs()
#5 /home/lenin/www/yii/framework/web/actions/CInlineAction.php(47): CInlineAction->runWithParamsInternal()
#6 /home/lenin/www/yii/framework/web/CController.php(308): CInlineAction->runWithParams()
#7 /home/lenin/www/yii/framework/web/filters/CFilterChain.php(133): UsuarioController->runAction()
#8 /home/lenin/www/yii/framework/web/filters/CFilter.php(40): CFilterChain->run()
#9 /home/lenin/www/yii/framework/web/CController.php(1145): CAccessControlFilter->filter()
#10 /home/lenin/www/yii/framework/web/filters/CInlineFilter.php(58): UsuarioController->filterAccessControl()
#11 /home/lenin/www/yii/framework/web/filters/CFilterChain.php(130): CInlineFilter->filter()
#12 /home/lenin/www/yii/framework/web/CController.php(291): CFilterChain->run()
#13 /home/lenin/www/yii/framework/web/CController.php(265): UsuarioController->runActionWithFilters()
#14 /home/lenin/www/yii/framework/web/CWebApplication.php(282): UsuarioController->run()
#15 /home/lenin/www/yii/framework/web/CWebApplication.php(141): CWebApplication->runController()
#16 /home/lenin/www/yii/framework/base/CApplication.php(185): CWebApplication->processRequest()
#17 /home/lenin/www/yiitwitter/index.php(13): CWebApplication->run()
REQUEST_URI=/yiitwitter/index.php?r=usuario/personalizado&idusuario=1&fechaconsulta=valor+fecha
in /home/lenin/www/yiitwitter/protected/views/usuario/mivista.php (16)
in /home/lenin/www/yiitwitter/protected/controllers/UsuarioController.php (72)
in /home/lenin/www/yiitwitter/index.php (13)
2017/02/08 15:30:15 [error] [php] Trying to get property of non-object (/home/lenin/www/yiitwitter/protected/views/usuario/mivista.php:16)
Stack trace:
#0 /home/lenin/www/yii/framework/web/CController.php(869): UsuarioController->renderFile()
#1 /home/lenin/www/yii/framework/web/CController.php(782): UsuarioController->renderPartial()
#2 /home/lenin/www/yiitwitter/protected/controllers/UsuarioController.php(72): UsuarioController->render()
#3 unknown(0): UsuarioController->actionPersonalizado()
#4 /home/lenin/www/yii/framework/web/actions/CAction.php(109): ReflectionMethod->invokeArgs()
#5 /home/lenin/www/yii/framework/web/actions/CInlineAction.php(47): CInlineAction->runWithParamsInternal()
#6 /home/lenin/www/yii/framework/web/CController.php(308): CInlineAction->runWithParams()
#7 /home/lenin/www/yii/framework/web/filters/CFilterChain.php(133): UsuarioController->runAction()
#8 /home/lenin/www/yii/framework/web/filters/CFilter.php(40): CFilterChain->run()
#9 /home/lenin/www/yii/framework/web/CController.php(1145): CAccessControlFilter->filter()
#10 /home/lenin/www/yii/framework/web/filters/CInlineFilter.php(58): UsuarioController->filterAccessControl()
#11 /home/lenin/www/yii/framework/web/filters/CFilterChain.php(130): CInlineFilter->filter()
#12 /home/lenin/www/yii/framework/web/CController.php(291): CFilterChain->run()
#13 /home/lenin/www/yii/framework/web/CController.php(265): UsuarioController->runActionWithFilters()
#14 /home/lenin/www/yii/framework/web/CWebApplication.php(282): UsuarioController->run()
#15 /home/lenin/www/yii/framework/web/CWebApplication.php(141): CWebApplication->runController()
#16 /home/lenin/www/yii/framework/base/CApplication.php(185): CWebApplication->processRequest()
#17 /home/lenin/www/yiitwitter/index.php(13): CWebApplication->run()
REQUEST_URI=/yiitwitter/index.php?r=usuario/personalizado&idusuario=1&fechaconsulta=valor+fecha
in /home/lenin/www/yiitwitter/protected/views/usuario/mivista.php (16)
in /home/lenin/www/yiitwitter/protected/controllers/UsuarioController.php (72)
in /home/lenin/www/yiitwitter/index.php (13)
